C51 COMPILER V9.60.0.0   CARCOMPUTER                                                       02/24/2021 13:09:24 PAGE 1   


C51 COMPILER V9.60.0.0, COMPILATION OF MODULE CARCOMPUTER
OBJECT MODULE PLACED IN .\Objects\carcomputer.obj
COMPILER INVOKED BY: C:\Keil_v5\C51\BIN\C51.EXE carcomputer.c OPTIMIZE(8,SPEED) BROWSE DEBUG OBJECTEXTEND PRINT(.\Listin
                    -gs\carcomputer.lst) TABS(2) OBJECT(.\Objects\carcomputer.obj)

line level    source

   1          
   2          #pragma NOEXTEND
   3          #include "hwapi.h"
   4          
   5          
   6          
   7          void main(){
   8   1      while(1)
   9   1        
  10   1      if(isDoorOpen() && isLightsOn()&& ! isEngineRunning()){
  11   2      setLightAlarmOn();
  12   2      setKeyAlarmOff();
  13   2      }
  14   1      else if(isKeyInPlace()&& isDoorOpen()&& ! isEngineRunning())
  15   1      {
  16   2      setLightAlarmOff();
  17   2       setKeyAlarmOn();
  18   2      
  19   2      }else if( isKeyInPlace()&&isDoorOpen() && isLightsOn()&& ! isEngineRunning() ){
  20   2      
  21   2      setLightAlarmOn();
  22   2      
  23   2      setKeyAlarmOn();
  24   2      
  25   2      
  26   2      }
  27   1      else{
  28   2      
  29   2      setLightAlarmOff();
  30   2      
  31   2       setKeyAlarmOff();
  32   2      
  33   2      
  34   2      }
  35   1      }


MODULE INFORMATION:   STATIC OVERLAYABLE
   CODE SIZE        =     99    ----
   CONSTANT SIZE    =   ----    ----
   XDATA SIZE       =   ----    ----
   PDATA SIZE       =   ----    ----
   DATA SIZE        =   ----    ----
   IDATA SIZE       =   ----    ----
   BIT SIZE         =   ----    ----
END OF MODULE INFORMATION.


C51 COMPILATION COMPLETE.  0 WARNING(S),  0 ERROR(S)
