C51 COMPILER V9.60.0.0   HWAPI                                                             04/24/2021 16:54:27 PAGE 1   


C51 COMPILER V9.60.0.0, COMPILATION OF MODULE HWAPI
OBJECT MODULE PLACED IN .\Objects\hwapi.obj
COMPILER INVOKED BY: C:\Keil_v5\C51\BIN\C51.EXE hwapi.c OPTIMIZE(8,SPEED) BROWSE DEBUG OBJECTEXTEND PRINT(.\Listings\hwa
                    -pi.lst) TABS(2) OBJECT(.\Objects\hwapi.obj)

line level    source

   1          #include <REG52.H>
   2          #include "hwapi.h"
   3          
   4          //INPUTS
   5          sbit DOOR=P0^0;
   6          sbit ENGINE=P0^1;
   7          sbit KEY=P0^2;
   8          sbit LIGHT=P0^3;
   9          
  10          
  11          
  12          //OUTPUTS
  13          sbit LIGHT_ALARM=P3^6;
  14          sbit KEY_ALARM=P3^7;
  15          
  16          
  17          int isDoorOpen(){
  18   1      return DOOR==1;
  19   1      }
  20          
  21          int isKeyInPlace(){
  22   1      return KEY==1;
  23   1      }
  24          
  25          int isEngineRunning(){
  26   1      return ENGINE==1;
  27   1      }
  28          
  29          int isLightsOn(){
  30   1      return LIGHT==1;
  31   1      }
  32          
  33          void setLightAlarmOn(){
  34   1       LIGHT_ALARM=0;
  35   1      }
  36          
  37          
  38          void setLightAlarmOff()
  39          {
  40   1       LIGHT_ALARM=1;
  41   1      }
  42          
  43          
  44          void setKeyAlarmOn(){
  45   1      KEY_ALARM=0;
  46   1      }
  47          
  48          void setKeyAlarmOff(){
  49   1      
  50   1       KEY_ALARM=1;
  51   1      
  52   1      }
  53          
  54          
C51 COMPILER V9.60.0.0   HWAPI                                                             04/24/2021 16:54:27 PAGE 2   

  55          
  56          
  57          
  58          
  59          
  60          
  61          
  62          
  63          


MODULE INFORMATION:   STATIC OVERLAYABLE
   CODE SIZE        =     56    ----
   CONSTANT SIZE    =   ----    ----
   XDATA SIZE       =   ----    ----
   PDATA SIZE       =   ----    ----
   DATA SIZE        =   ----    ----
   IDATA SIZE       =   ----    ----
   BIT SIZE         =   ----    ----
END OF MODULE INFORMATION.


C51 COMPILATION COMPLETE.  0 WARNING(S),  0 ERROR(S)
